1z/OS V3 R1 BINDER     15:47:38 WEDNESDAY DECEMBER 17, 2025
 BATCH EMULATOR  JOB(B45617  ) STEP(STEP1   ) PGM= IEWBLINK
 IEW2278I B352 INVOCATION PARAMETERS - MAP,RENT
 IEW2322I 1220  1     SETOPT PARM(REUS=RENT)
 IEW2322I 1220  2     SETOPT PARM(REUS=RENT)
 IEW2322I 1220  3     SETOPT PARM(REUS=RENT)
 IEW2322I 1220  4     SETOPT PARM(REUS=RENT)
 IEW2322I 1220  5     SETOPT PARM(REUS=RENT)
 IEW2322I 1220  6     SETOPT PARM(REUS=RENT)
 IEW2322I 1220  7     SETOPT PARM(REUS=RENT)
 IEW2322I 1220  8     SETOPT PARM(REUS=RENT)
 IEW2322I 1220  9     SETOPT PARM(REUS=RENT)
 IEW2322I 1220  10     SETOPT PARM(REUS=RENT)
 IEW2322I 1220  11     SETOPT PARM(REUS=RENT)
 IEW2322I 1220  12     SETOPT PARM(REUS=RENT)
 IEW2322I 1220  13     SETOPT PARM(REUS=RENT)
 IEW2322I 1220  14     SETOPT PARM(REUS=RENT)
 IEW2322I 1220  15     SETOPT PARM(REUS=RENT)
 IEW2322I 1220  16     SETOPT PARM(REUS=RENT)
 IEW2322I 1220  17     SETOPT PARM(REUS=RENT)
 IEW2322I 1220  18     SETOPT PARM(REUS=RENT)
 IEW2322I 1220  19     SETOPT PARM(REUS=RENT)

1                         *** M O D U L E  M A P ***

 ---------------
 CLASS  B_TEXT            LENGTH =    CAE68  ATTRIBUTES = CAT,   LOAD, RMODE= 24
                          OFFSET =        0 IN SEGMENT 001     ALIGN = DBLWORD
 ---------------

  SECTION    CLASS                                      ------- SOURCE --------
   OFFSET   OFFSET  NAME                TYPE    LENGTH  DDNAME   SEQ  MEMBER

                 0  IM31               CSECT     855AA  SYSLIN    01  IM31

             855B0  CEESG005        *  CSECT        18  SYSLIB    02  CEESG005

             855C8  SICHKMOD        *  CSECT       888  SYSLIB    01  SICHKMOD

             85E50  TSUOBMV         *  CSECT       3C8  SYSLIB    01  TSUOBMV

             86218  SISPOOL         *  CSECT      2450  SYSLIB    01  SISPOOL

             88668  FIXTRC          *  CSECT       15F  SYSLIB    01  SISPOOL

             887C8  FIXDBCS         *  CSECT       65C  SYSLIB    01  SISPOOL

             88E28  FIXDEC          *  CSECT      230B  SYSLIB    01  SISPOOL

             8B138  SWPDC000        *  CSECT       132  SYSLIB    01  SISPOOL

             8B270  DECDIV00        *  CSECT       130  SYSLIB    01  SISPOOL

             8B3A0  IMPRDMV         *  CSECT       3C8  SYSLIB    01  IMPRDMV

             8B768  SIDJUL          *  CSECT       278  SYSLIB    01  SIDJUL

             8B9E0  IMACTEDT        *  CSECT       130  SYSLIB    01  IMACTEDT

             8BB10  SIBINSRH        *  CSECT       120  SYSLIB    01  SIBINSRH

             8BC30  IMMSCP          *  CSECT       934  SYSLIB    01  IMMSCP

             8C568  SISSRTN         *  CSECT       778  SYSLIB    01  SISSRTN

             8CCE0  IM31RWEX        *  CSECT     11682  SYSLIB    01  IM31RWEX

             9E368  IM31TAX         *  CSECT       7E0  SYSLIB    01  IM31TAX

             9EB48  SIDIF2          *  CSECT       4A0  SYSLIB    01  SIDIF2

             9EFE8  SIDHI           *  CSECT       388  SYSLIB    01  SIDHI

             9F370  IMCMPUTE        *  CSECT       1C8  SYSLIB    01  IMCMPUTE

             9F538  SIDCMHI         *  CSECT       3B8  SYSLIB    01  SIDCMHI

             9F8F0  SIDCMLO         *  CSECT       398  SYSLIB    01  SIDCMLO

             9FC88  SIEDITDT        *  CSECT       330  SYSLIB    01  SIEDITDT

             9FFB8  SIDCLO          *  CSECT       3B0  SYSLIB    01  SIDCLO

1                         *** M O D U L E  M A P ***

  SECTION    CLASS                                      ------- SOURCE --------
   OFFSET   OFFSET  NAME                TYPE    LENGTH  DDNAME   SEQ  MEMBER

             A0368  SIDIFC1         *  CSECT       3E0  SYSLIB    01  SIDIFC1

             A0748  SIDCHI          *  CSECT       3D0  SYSLIB    01  SIDCHI

             A0B18  SIDLO           *  CSECT       390  SYSLIB    01  SIDLO

             A0EA8  SIDIF1          *  CSECT       3F0  SYSLIB    01  SIDIF1

             A1298  SICOMPDT        *  CSECT       2E0  SYSLIB    01  SICOMPDT

             A1578  SIDMHI          *  CSECT       368  SYSLIB    01  SIDMHI

             A18E0  IMAFFMV         *  CSECT       3C8  SYSLIB    01  IMAFFMV

             A1CA8  IMBALM          *  CSECT       F72  SYSLIB    01  IMBALM

             A2C20  IMAFFMS         *  CSECT       430  SYSLIB    01  IMAFFMS

             A3050  SILINK          *  CSECT       1E8  SYSLIB    01  SILINK

             A3238  IMIBTTS         *  CSECT       430  SYSLIB    01  IMIBTTS

             A3668  IMLMTMV         *  CSECT       3C8  SYSLIB    01  IMLMTMV

             A3A30  IMLMTMS         *  CSECT       430  SYSLIB    01  IMLMTMS

             A3E60  IMRTEWV         *  CSECT       3C8  SYSLIB    01  IMRTEWV

             A4228  IMRTEMV         *  CSECT       3C8  SYSLIB    01  IMRTEMV

             A45F0  IMLKPMV         *  CSECT       3C8  SYSLIB    01  IMLKPMV

             A49B8  IMACDTS         *  CSECT       430  SYSLIB    01  IMACDTS

             A4DE8  IMACMTS         *  CSECT       430  SYSLIB    01  IMACMTS

             A5218  IMFTCMS         *  CSECT       430  SYSLIB    01  IMFTCMS

             A5648  IMFEEMV         *  CSECT       3C8  SYSLIB    01  IMFEEMV

             A5A10  IMBRRMS         *  CSECT       430  SYSLIB    01  IMBRRMS

             A5E40  IMODLMV         *  CSECT       3C8  SYSLIB    01  IMODLMV

             A6208  IMODSMV         *  CSECT       3C8  SYSLIB    01  IMODSMV

             A65D0  IMSVCM          *  CSECT       A28  SYSLIB    01  IMSVCM

             A6FF8  IMACTS          *  CSECT      1112  SYSLIB    01  IMACTS

             A8110  IMACTM          *  CSECT      18AA  SYSLIB    01  IMACTM

             A99C0  SISSLOP         *  CSECT       1B8  SYSLIB    01  SISSLOP

             A9B78  IMMEMMV         *  CSECT       3C8  SYSLIB    01  IMMEMMV
1                         *** M O D U L E  M A P ***

  SECTION    CLASS                                      ------- SOURCE --------
   OFFSET   OFFSET  NAME                TYPE    LENGTH  DDNAME   SEQ  MEMBER


             A9F40  IMALPHA         *  CSECT      1880  SYSLIB    01  IMALPHA

             AB7C0  SISSLKP         *  CSECT       7E8  SYSLIB    01  SISSLKP

             ABFA8  SISSBLD         *  CSECT       660  SYSLIB    01  SISSBLD

             AC608  SITBLMV         *  CSECT       388  SYSLIB    01  SITBLMV

             AC990  IMNMAMV         *  CSECT       3C8  SYSLIB    01  IMNMAMV

             ACD58  IMGLTTS         *  CSECT       430  SYSLIB    01  IMGLTTS

             AD188  IMTAGTS         *  CSECT       430  SYSLIB    01  IMTAGTS

             AD5B8  IMBRTMS         *  CSECT       430  SYSLIB    01  IMBRTMS

             AD9E8  IMPOSTS         *  CSECT       430  SYSLIB    01  IMPOSTS

             ADE18  IMBCRM          *  CSECT       740  SYSLIB    01  IMBCRM

             AE558  SIMESS          *  CSECT       EC8  SYSLIB    01  SIMESS

             AF420  CEEBETBL        *  CSECT        28  SYSLIB    02  CEEBETBL

             AF448  CEESTART        *  CSECT        B0  SYSLIB    02  CEESTART

             AF4F8  IGZCBSO         *  CSECT       5F0  SYSLIB    02  IGZCBSO

             AFAE8  CEEARLU         *  CSECT        B8  SYSLIB    02  CEEARLU

             AFBA0  CEEBPIRA        *  CSECT       2A0  SYSLIB    02  CEEINT
        0    AFBA0     CEEINT             LABEL
        0    AFBA0     CEEBPIRB           LABEL
        0    AFBA0     CEEBPIRC           LABEL

             AFE40  CEECPYRT        *  CSECT        CF  SYSLIB    02  CEEINT

             AFF10  CEEBPUBT        *  CSECT        70  SYSLIB    02  CEEBPUBT

             AFF80  CEEBTRM         *  CSECT        74  SYSLIB    02  CEEBTRM

             AFFF8  CEEBLLST        *  CSECT        5C  SYSLIB    02  CEEBLLST
       10    B0008     CEELLIST           LABEL

             B0058  CEEBINT         *  CSECT         8  SYSLIB    02  CEEBINT

             B0060  IMBCRMV         *  CSECT       3C8  SYSLIB    01  IMBCRMV

             B0428  SIKEYGNR        *  CSECT       510  SYSLIB    01  SIKEYGNR

             B0938  SIGETNM2        *  CSECT      2160  SYSLIB    01  SIGETNM2

             B2A98  SIALPMV         *  CSECT       388  SYSLIB    01  SIALPMV

1                         *** M O D U L E  M A P ***

  SECTION    CLASS                                      ------- SOURCE --------
   OFFSET   OFFSET  NAME                TYPE    LENGTH  DDNAME   SEQ  MEMBER

             B2E20  IMACTMV         *  CSECT       3C8  SYSLIB    01  IMACTMV

             B31E8  IMEXCMV         *  CSECT       3C8  SYSLIB    01  IMEXCMV

             B35B0  IMACTMS         *  CSECT       430  SYSLIB    01  IMACTMS

             B39E0  IMMSEP          *  CSECT       754  SYSLIB    01  IMMSEP

             B4138  IMSVCMV         *  CSECT       3C8  SYSLIB    01  IMSVCMV

             B4500  SIBHCP          *  CSECT       408  SYSLIB    01  SIBHCP

             B4908  SIBHEP          *  CSECT       2E0  SYSLIB    01  SIBHEP

             B4BE8  IMBALMS         *  CSECT       430  SYSLIB    01  IMBALMS

             B5018  IMBALMV         *  CSECT       3C8  SYSLIB    01  IMBALMV

             B53E0  SADSMCXB        *  CSECT     103F0  SYSLIB    01  SADSMCXB

             C57D0  SADSNUCB        *  CSECT       348  SYSLIB    01  SADSNUCB

             C5B18  DSDIEXT         *  CSECT      24E3  SYSLIB    01  SADSNUCB

             C8000  DSDIPARS        *  CSECT       9AA  SYSLIB    01  SADSNUCB

             C89B0  DSDIDEFS        *  CSECT       821  SYSLIB    01  SADSNUCB

             C91D8  DSDIENT         *  CSECT      108E  SYSLIB    01  SADSNUCB

             CA268  DSDIMSG         *  CSECT       806  SYSLIB    01  SADSNUCB

             CAA70  SIVARUNP        *  CSECT       250  SYSLIB    01  SIVARUNP

             CACC0  SIMVECHR        *  CSECT       190  SYSLIB    01  SIMVECHR

             CAE50  DFHEAI0         *  CSECT        18  SYSLIB    03  DFHEAI0
1          ***  DATA SET SUMMARY  ***

 DDNAME    CONCAT   FILE IDENTIFICATION

 SYSLIB      01     B45617.DBB.OBJ
 SYSLIB      02     CEE.SCEELKED
 SYSLIB      03     IBM.CICS.V62.J1.CICS.SDFHLOAD
 SYSLIN      01     B45617.DBB.OBJ
1          *** SYMBOL REFERENCES NOT ASSOCIATED WITH ANY ADCON ***

 TYPE   SCOPE   NAME


           *** E N D  O F  M O D U L E  M A P ***



                                 *** O P E R A T I O N   S U M M A R Y   R E P O R T ***

1PROCESSING OPTIONS:

    ALIASES             NO
    ALIGN2              NO
    AMODE               UNSPECIFIED
    CALL                YES
    CASE                UPPER
    COMPAT              UNSPECIFIED
    COMPRESS            AUTO
    DCBS                NO
    DYNAM               NO
    EXTATTR             UNSPECIFIED
    EXITS:              NONE
    FILL                NONE
    GID                 UNSPECIFIED
    HOBSET              NO
    INFO                NO
    LET                 04
    LINECT              060
    LIST                SUMMARY
    LISTPRIV            NO
    LONGPARM            NO
    MAP                 YES
    MAXBLK              032760
    MODMAP              NO
    MSGLEVEL            00
    OVLY                NO
    PRINT               YES
    RES                 NO
    REUSABILITY         REENTRANT
    RMODE               UNSPECIFIED
    RMODEX              NO
    SIGN                NO
    STORENX             NOREPLACE
    STRIPCL             NO
    STRIPSEC            NO
    SYMTRACE
    TERM                NO
    TRAP                ON
    UID                 UNSPECIFIED
    UPCASE              NO
    WKSPACE             000000K,000000K
    XCAL                NO
    XREF                NO
    ***END OF OPTIONS***




1SAVE OPERATION SUMMARY:

    MEMBER NAME         IM31
    LOAD LIBRARY        B45617.DBB.LOAD
    PROGRAM TYPE        PROGRAM OBJECT(FORMAT 2)
    VOLUME SERIAL       STG344
    DISPOSITION         REPLACED
    TIME OF SAVE        15.47.40  DEC 17, 2025


1SAVE MODULE ATTRIBUTES:

    AC                  000
    AMODE                24
    COMPRESSION         UNINITIALIZED TEXT
    DC                  NO
    EDITABLE            YES
    EXCEEDS 16MB        NO
    EXECUTABLE          YES
    LONGPARM            NO
    MIGRATABLE          YES
    OL                  NO
    OVLY                NO
    PACK,PRIME          NO,NO
    PAGE ALIGN          NO
    REFR                NO
    RENT                YES
    REUS                YES
    RMODE                24
    SCTR                NO
    SIGN                NO
    SSI
    SYM GENERATED       NO
    TEST                NO
    XPLINK              NO
    MODULE SIZE (HEX)   000CAE68
    DASD SIZE (HEX)     000DC000


1 ENTRY POINT AND ALIAS SUMMARY:

  NAME:            ENTRY TYPE AMODE C_OFFSET CLASS NAME        STATUS

  IM31              MAIN_EP      24 00000000 B_TEXT

                          *** E N D   O F   O P E R A T I O N   S U M M A R Y   R E P O R T ***




1z/OS V3 R1 BINDER     15:47:38 WEDNESDAY DECEMBER 17, 2025
 BATCH EMULATOR  JOB(B45617  ) STEP(STEP1   ) PGM= IEWBLINK
 IEW2008I 0F03 PROCESSING COMPLETED.  RETURN CODE =  0.



1----------------------
 MESSAGE SUMMARY REPORT
 ----------------------
  TERMINAL MESSAGES      (SEVERITY = 16)
  NONE

  SEVERE MESSAGES        (SEVERITY = 12)
  NONE

  ERROR MESSAGES         (SEVERITY = 08)
  NONE

  WARNING MESSAGES       (SEVERITY = 04)
  NONE

  INFORMATIONAL MESSAGES (SEVERITY = 00)
  2008  2278  2322


  **** END OF MESSAGE SUMMARY REPORT ****

